15:40:04 **** Build of configuration Debug for project laboratorio1_primerParcial ****
make all 
Building file: ../src/cliente.c
Invoking: GCC C Compiler
gcc -O0 -g3 -Wall -c -fmessage-length=0 -MMD -MP -MF"src/cliente.d" -MT"src/cliente.o" -o "src/cliente.o" "../src/cliente.c"
Finished building: ../src/cliente.c
 
Building file: ../src/compra.c
Invoking: GCC C Compiler
gcc -O0 -g3 -Wall -c -fmessage-length=0 -MMD -MP -MF"src/compra.d" -MT"src/compra.o" -o "src/compra.o" "../src/compra.c"
Finished building: ../src/compra.c
 
Building file: ../src/funcionesComunes.c
Invoking: GCC C Compiler
gcc -O0 -g3 -Wall -c -fmessage-length=0 -MMD -MP -MF"src/funcionesComunes.d" -MT"src/funcionesComunes.o" -o "src/funcionesComunes.o" "../src/funcionesComunes.c"
Finished building: ../src/funcionesComunes.c
 
Building file: ../src/gets.c
Invoking: GCC C Compiler
gcc -O0 -g3 -Wall -c -fmessage-length=0 -MMD -MP -MF"src/gets.d" -MT"src/gets.o" -o "src/gets.o" "../src/gets.c"
Finished building: ../src/gets.c
 
Building file: ../src/informes.c
Invoking: GCC C Compiler
gcc -O0 -g3 -Wall -c -fmessage-length=0 -MMD -MP -MF"src/informes.d" -MT"src/informes.o" -o "src/informes.o" "../src/informes.c"
Finished building: ../src/informes.c
 
Building file: ../src/laboratorio1_primerParcial.c
Invoking: GCC C Compiler
gcc -O0 -g3 -Wall -c -fmessage-length=0 -MMD -MP -MF"src/laboratorio1_primerParcial.d" -MT"src/laboratorio1_primerParcial.o" -o "src/laboratorio1_primerParcial.o" "../src/laboratorio1_primerParcial.c"
Finished building: ../src/laboratorio1_primerParcial.c
 
Building file: ../src/validations.c
Invoking: GCC C Compiler
gcc -O0 -g3 -Wall -c -fmessage-length=0 -MMD -MP -MF"src/validations.d" -MT"src/validations.o" -o "src/validations.o" "../src/validations.c"
Finished building: ../src/validations.c
 
Building target: laboratorio1_primerParcial
Invoking: GCC C Linker
gcc  -o "laboratorio1_primerParcial"  ./src/cliente.o ./src/compra.o ./src/funcionesComunes.o ./src/gets.o ./src/informes.o ./src/laboratorio1_primerParcial.o ./src/validations.o   -lm
Finished building target: laboratorio1_primerParcial
 
15:42:13 **** Incremental Build of configuration Debug for project laboratorio1_primerParcial ****
make all 
Building file: ../src/compra.c
Invoking: GCC C Compiler
gcc -O0 -g3 -Wall -c -fmessage-length=0 -MMD -MP -MF"src/compra.d" -MT"src/compra.o" -o "src/compra.o" "../src/compra.c"
Finished building: ../src/compra.c
 
Building target: laboratorio1_primerParcial
Invoking: GCC C Linker
gcc  -o "laboratorio1_primerParcial"  ./src/cliente.o ./src/compra.o ./src/funcionesComunes.o ./src/gets.o ./src/informes.o ./src/laboratorio1_primerParcial.o ./src/validations.o   -lm
Finished building target: laboratorio1_primerParcial
 
15:42:30 **** Incremental Build of configuration Debug for project laboratorio1_primerParcial ****
make all 
Building file: ../src/compra.c
Invoking: GCC C Compiler
gcc -O0 -g3 -Wall -c -fmessage-length=0 -MMD -MP -MF"src/compra.d" -MT"src/compra.o" -o "src/compra.o" "../src/compra.c"
Finished building: ../src/compra.c
 
Building target: laboratorio1_primerParcial
Invoking: GCC C Linker
gcc  -o "laboratorio1_primerParcial"  ./src/cliente.o ./src/compra.o ./src/funcionesComunes.o ./src/gets.o ./src/informes.o ./src/laboratorio1_primerParcial.o ./src/validations.o   -lm
Finished building target: laboratorio1_primerParcial
 
15:43:21 **** Incremental Build of configuration Debug for project laboratorio1_primerParcial ****
make all 
Building file: ../src/compra.c
Invoking: GCC C Compiler
gcc -O0 -g3 -Wall -c -fmessage-length=0 -MMD -MP -MF"src/compra.d" -MT"src/compra.o" -o "src/compra.o" "../src/compra.c"
Finished building: ../src/compra.c
 
Building target: laboratorio1_primerParcial
Invoking: GCC C Linker
gcc  -o "laboratorio1_primerParcial"  ./src/cliente.o ./src/compra.o ./src/funcionesComunes.o ./src/gets.o ./src/informes.o ./src/laboratorio1_primerParcial.o ./src/validations.o   -lm
Finished building target: laboratorio1_primerParcial
 
15:43:58 **** Incremental Build of configuration Debug for project laboratorio1_primerParcial ****
make all 
Building file: ../src/compra.c
Invoking: GCC C Compiler
gcc -O0 -g3 -Wall -c -fmessage-length=0 -MMD -MP -MF"src/compra.d" -MT"src/compra.o" -o "src/compra.o" "../src/compra.c"
Finished building: ../src/compra.c
 
Building target: laboratorio1_primerParcial
Invoking: GCC C Linker
gcc  -o "laboratorio1_primerParcial"  ./src/cliente.o ./src/compra.o ./src/funcionesComunes.o ./src/gets.o ./src/informes.o ./src/laboratorio1_primerParcial.o ./src/validations.o   -lm
Finished building target: laboratorio1_primerParcial
 
15:44:11 **** Incremental Build of configuration Debug for project laboratorio1_primerParcial ****
make all 
Building file: ../src/compra.c
Invoking: GCC C Compiler
gcc -O0 -g3 -Wall -c -fmessage-length=0 -MMD -MP -MF"src/compra.d" -MT"src/compra.o" -o "src/compra.o" "../src/compra.c"
Finished building: ../src/compra.c
 
Building target: laboratorio1_primerParcial
Invoking: GCC C Linker
gcc  -o "laboratorio1_primerParcial"  ./src/cliente.o ./src/compra.o ./src/funcionesComunes.o ./src/gets.o ./src/informes.o ./src/laboratorio1_primerParcial.o ./src/validations.o   -lm
Finished building target: laboratorio1_primerParcial
 
15:44:22 **** Incremental Build of configuration Debug for project laboratorio1_primerParcial ****
make all 
Building file: ../src/compra.c
Invoking: GCC C Compiler
gcc -O0 -g3 -Wall -c -fmessage-length=0 -MMD -MP -MF"src/compra.d" -MT"src/compra.o" -o "src/compra.o" "../src/compra.c"
Finished building: ../src/compra.c
 
Building target: laboratorio1_primerParcial
Invoking: GCC C Linker
gcc  -o "laboratorio1_primerParcial"  ./src/cliente.o ./src/compra.o ./src/funcionesComunes.o ./src/gets.o ./src/informes.o ./src/laboratorio1_primerParcial.o ./src/validations.o   -lm
Finished building target: laboratorio1_primerParcial
 
15:45:10 **** Incremental Build of configuration Debug for project laboratorio1_primerParcial ****
make all 
Building file: ../src/compra.c
Invoking: GCC C Compiler
gcc -O0 -g3 -Wall -c -fmessage-length=0 -MMD -MP -MF"src/compra.d" -MT"src/compra.o" -o "src/compra.o" "../src/compra.c"
Finished building: ../src/compra.c
 
Building target: laboratorio1_primerParcial
Invoking: GCC C Linker
gcc  -o "laboratorio1_primerParcial"  ./src/cliente.o ./src/compra.o ./src/funcionesComunes.o ./src/gets.o ./src/informes.o ./src/laboratorio1_primerParcial.o ./src/validations.o   -lm
Finished building target: laboratorio1_primerParcial
 
15:45:50 **** Incremental Build of configuration Debug for project laboratorio1_primerParcial ****
make all 
Building file: ../src/funcionesComunes.c
Invoking: GCC C Compiler
gcc -O0 -g3 -Wall -c -fmessage-length=0 -MMD -MP -MF"src/funcionesComunes.d" -MT"src/funcionesComunes.o" -o "src/funcionesComunes.o" "../src/funcionesComunes.c"
Finished building: ../src/funcionesComunes.c
 
Building target: laboratorio1_primerParcial
Invoking: GCC C Linker
gcc  -o "laboratorio1_primerParcial"  ./src/cliente.o ./src/compra.o ./src/funcionesComunes.o ./src/gets.o ./src/informes.o ./src/laboratorio1_primerParcial.o ./src/validations.o   -lm
Finished building target: laboratorio1_primerParcial
 
15:46:14 **** Incremental Build of configuration Debug for project laboratorio1_primerParcial ****
make all 
Building file: ../src/funcionesComunes.c
Invoking: GCC C Compiler
gcc -O0 -g3 -Wall -c -fmessage-length=0 -MMD -MP -MF"src/funcionesComunes.d" -MT"src/funcionesComunes.o" -o "src/funcionesComunes.o" "../src/funcionesComunes.c"
Finished building: ../src/funcionesComunes.c
 
Building target: laboratorio1_primerParcial
Invoking: GCC C Linker
gcc  -o "laboratorio1_primerParcial"  ./src/cliente.o ./src/compra.o ./src/funcionesComunes.o ./src/gets.o ./src/informes.o ./src/laboratorio1_primerParcial.o ./src/validations.o   -lm
Finished building target: laboratorio1_primerParcial
 
15:46:56 **** Incremental Build of configuration Debug for project laboratorio1_primerParcial ****
make all 
Building file: ../src/cliente.c
Invoking: GCC C Compiler
gcc -O0 -g3 -Wall -c -fmessage-length=0 -MMD -MP -MF"src/cliente.d" -MT"src/cliente.o" -o "src/cliente.o" "../src/cliente.c"
Finished building: ../src/cliente.c
 
Building target: laboratorio1_primerParcial
Invoking: GCC C Linker
gcc  -o "laboratorio1_primerParcial"  ./src/cliente.o ./src/compra.o ./src/funcionesComunes.o ./src/gets.o ./src/informes.o ./src/laboratorio1_primerParcial.o ./src/validations.o   -lm
Finished building target: laboratorio1_primerParcial
 
15:48:08 **** Incremental Build of configuration Debug for project laboratorio1_primerParcial ****
make all 
Building file: ../src/compra.c
Invoking: GCC C Compiler
gcc -O0 -g3 -Wall -c -fmessage-length=0 -MMD -MP -MF"src/compra.d" -MT"src/compra.o" -o "src/compra.o" "../src/compra.c"
Finished building: ../src/compra.c
 
Building target: laboratorio1_primerParcial
Invoking: GCC C Linker
gcc  -o "laboratorio1_primerParcial"  ./src/cliente.o ./src/compra.o ./src/funcionesComunes.o ./src/gets.o ./src/informes.o ./src/laboratorio1_primerParcial.o ./src/validations.o   -lm
Finished building target: laboratorio1_primerParcial
 
15:49:02 **** Incremental Build of configuration Debug for project laboratorio1_primerParcial ****
make all 
Building file: ../src/compra.c
Invoking: GCC C Compiler
gcc -O0 -g3 -Wall -c -fmessage-length=0 -MMD -MP -MF"src/compra.d" -MT"src/compra.o" -o "src/compra.o" "../src/compra.c"
Finished building: ../src/compra.c
 
Building target: laboratorio1_primerParcial
Invoking: GCC C Linker
gcc  -o "laboratorio1_primerParcial"  ./src/cliente.o ./src/compra.o ./src/funcionesComunes.o ./src/gets.o ./src/informes.o ./src/laboratorio1_primerParcial.o ./src/validations.o   -lm
Finished building target: laboratorio1_primerParcial
 
15:50:52 **** Incremental Build of configuration Debug for project laboratorio1_primerParcial ****
make all 
Building file: ../src/cliente.c
Invoking: GCC C Compiler
gcc -O0 -g3 -Wall -c -fmessage-length=0 -MMD -MP -MF"src/cliente.d" -MT"src/cliente.o" -o "src/cliente.o" "../src/cliente.c"
Finished building: ../src/cliente.c
 
Building target: laboratorio1_primerParcial
Invoking: GCC C Linker
gcc  -o "laboratorio1_primerParcial"  ./src/cliente.o ./src/compra.o ./src/funcionesComunes.o ./src/gets.o ./src/informes.o ./src/laboratorio1_primerParcial.o ./src/validations.o   -lm
Finished building target: laboratorio1_primerParcial
 
15:51:27 **** Incremental Build of configuration Debug for project laboratorio1_primerParcial ****
make all 
Building file: ../src/cliente.c
Invoking: GCC C Compiler
gcc -O0 -g3 -Wall -c -fmessage-length=0 -MMD -MP -MF"src/cliente.d" -MT"src/cliente.o" -o "src/cliente.o" "../src/cliente.c"
Finished building: ../src/cliente.c
 
Building target: laboratorio1_primerParcial
Invoking: GCC C Linker
gcc  -o "laboratorio1_primerParcial"  ./src/cliente.o ./src/compra.o ./src/funcionesComunes.o ./src/gets.o ./src/informes.o ./src/laboratorio1_primerParcial.o ./src/validations.o   -lm
Finished building target: laboratorio1_primerParcial
 
15:51:43 **** Incremental Build of configuration Debug for project laboratorio1_primerParcial ****
make all 
Building file: ../src/cliente.c
Invoking: GCC C Compiler
gcc -O0 -g3 -Wall -c -fmessage-length=0 -MMD -MP -MF"src/cliente.d" -MT"src/cliente.o" -o "src/cliente.o" "../src/cliente.c"
Finished building: ../src/cliente.c
 
Building target: laboratorio1_primerParcial
Invoking: GCC C Linker
gcc  -o "laboratorio1_primerParcial"  ./src/cliente.o ./src/compra.o ./src/funcionesComunes.o ./src/gets.o ./src/informes.o ./src/laboratorio1_primerParcial.o ./src/validations.o   -lm
Finished building target: laboratorio1_primerParcial
 
